<?xml version="1.0" encoding="UTF-8"?>
<testsuites>
  <testsuite name="D:\laravel\nordipass\phpunit.xml" tests="2073" assertions="7794" errors="0" failures="0" skipped="1" time="468.250405">
    <testsuite name="Unit" tests="363" assertions="1691" errors="0" failures="0" skipped="0" time="41.187810">
      <testsuite name="Tests\Unit\Audit\SensitiveDataSanitizerTest" file="tests\Unit\Audit\SensitiveDataSanitizerTest.php" tests="1" assertions="5" errors="0" failures="0" skipped="0" time="18.612495">
        <testcase name="sensitive data sanitizer removes nested secrets and redacts secret urls" file="tests\Unit\Audit\SensitiveDataSanitizerTest.php::sensitive data sanitizer removes nested secrets and redacts secret urls" class="Tests\Unit\Audit\SensitiveDataSanitizerTest" classname="Tests.Unit.Audit.SensitiveDataSanitizerTest" assertions="5" time="18.612495"/>
      </testsuite>
      <testsuite name="Tests\Unit\Authorization\CompanyPermissionMatrixTest" file="tests\Unit\Authorization\CompanyPermissionMatrixTest.php" tests="96" assertions="96" errors="0" failures="0" skipped="0" time="5.028556">
        <testsuite name="company permission matrix defines every role and permission combination" tests="96" assertions="96" errors="0" failures="0" skipped="0" time="5.028556">
          <testcase name="company permission matrix defines every role and permission combination with data set &quot;dataset &quot;owner / company.view&quot;&quot;" file="tests\Unit\Authorization\CompanyPermissionMatrixTest.php::company permission matrix defines every role and permission combination with data set &quot;dataset &quot;owner / company.view&quot;&quot;" class="Tests\Unit\Authorization\CompanyPermissionMatrixTest" classname="Tests.Unit.Authorization.CompanyPermissionMatrixTest" assertions="1" time="0.073544"/>
          <testcase name="company permission matrix defines every role and permission combination with data set &quot;dataset &quot;owner / company.update&quot;&quot;" file="tests\Unit\Authorization\CompanyPermissionMatrixTest.php::company permission matrix defines every role and permission combination with data set &quot;dataset &quot;owner / company.update&quot;&quot;" class="Tests\Unit\Authorization\CompanyPermissionMatrixTest" classname="Tests.Unit.Authorization.CompanyPermissionMatrixTest" assertions="1" time="0.051380"/>
          <testcase name="company permission matrix defines every role and permission combination with data set &quot;dataset &quot;owner / members.view&quot;&quot;" file="tests\Unit\Authorization\CompanyPermissionMatrixTest.php::company permission matrix defines every role and permission combination with data set &quot;dataset &quot;owner / members.view&quot;&quot;" class="Tests\Unit\Authorization\CompanyPermissionMatrixTest" classname="Tests.Unit.Authorization.CompanyPermissionMatrixTest" assertions="1" time="0.062890"/>
          <testcase name="company permission matrix defines every role and permission combination with data set &quot;dataset &quot;owner / members.invite&quot;&quot;" file="tests\Unit\Authorization\CompanyPermissionMatrixTest.php::company permission matrix defines every role and permission combination with data set &quot;dataset &quot;owner / members.invite&quot;&quot;" class="Tests\Unit\Authorization\CompanyPermissionMatrixTest" classname="Tests.Unit.Authorization.CompanyPermissionMatrixTest" assertions="1" time="0.050924"/>
          <testcase name="company permission matrix defines every role and permission combination with data set &quot;dataset &quot;owner / members.update_role&quot;&quot;" file="tests\Unit\Authorization\CompanyPermissionMatrixTest.php::company permission matrix defines every role and permission combination with data set &quot;dataset &quot;owner / members.update_role&quot;&quot;" class="Tests\Unit\Authorization\CompanyPermissionMatrixTest" classname="Tests.Unit.Authorization.CompanyPermissionMatrixTest" assertions="1" time="0.050322"/>
          <testcase name="company permission matrix defines every role and permission combination with data set &quot;dataset &quot;owner / members.remove&quot;&quot;" file="tests\Unit\Authorization\CompanyPermissionMatrixTest.php::company permission matrix defines every role and permission combination with data set &quot;dataset &quot;owner / members.remove&quot;&quot;" class="Tests\Unit\Authorization\CompanyPermissionMatrixTest" classname="Tests.Unit.Authorization.CompanyPermissionMatrixTest" assertions="1" time="0.055929"/>
          <testcase name="company permission matrix defines every role and permission combination with data set &quot;dataset &quot;owner / audit.view&quot;&quot;" file="tests\Unit\Authorization\CompanyPermissionMatrixTest.php::company permission matrix defines every role and permission combination with data set &quot;dataset &quot;owner / audit.view&quot;&quot;" class="Tests\Unit\Authorization\CompanyPermissionMatrixTest" classname="Tests.Unit.Authorization.CompanyPermissionMatrixTest" assertions="1" time="0.050377"/>
          <testcase name="company permission matrix defines every role and permission combination with data set &quot;dataset &quot;owner / api_tokens.view&quot;&quot;" file="tests\Unit\Authorization\CompanyPermissionMatrixTest.php::company permission matrix defines every role and permission combination with data set &quot;dataset &quot;owner / api_tokens.view&quot;&quot;" class="Tests\Unit\Authorization\CompanyPermissionMatrixTest" classname="Tests.Unit.Authorization.CompanyPermissionMatrixTest" assertions="1" time="0.046213"/>
          <testcase name="company permission matrix defines every role and permission combination with data set &quot;dataset &quot;owner / api_tokens.create&quot;&quot;" file="tests\Unit\Authorization\CompanyPermissionMatrixTest.php::company permission matrix defines every role and permission combination with data set &quot;dataset &quot;owner / api_tokens.create&quot;&quot;" class="Tests\Unit\Authorization\CompanyPermissionMatrixTest" classname="Tests.Unit.Authorization.CompanyPermissionMatrixTest" assertions="1" time="0.052023"/>
          <testcase name="company permission matrix defines every role and permission combination with data set &quot;dataset &quot;owner / api_tokens.revoke&quot;&quot;" file="tests\Unit\Authorization\CompanyPermissionMatrixTest.php::company permission matrix defines every role and permission combination with data set &quot;dataset &quot;owner / api_tokens.revoke&quot;&quot;" class="Tests\Unit\Authorization\CompanyPermissionMatrixTest" classname="Tests.Unit.Authorization.CompanyPermissionMatrixTest" assertions="1" time="0.051242"/>
          <testcase name="company permission matrix defines every role and permission combination with data set &quot;dataset &quot;owner / catalog.view&quot;&quot;" file="tests\Unit\Authorization\CompanyPermissionMatrixTest.php::company permission matrix defines every role and permission combination with data set &quot;dataset &quot;owner / catalog.view&quot;&quot;" class="Tests\Unit\Authorization\CompanyPermissionMatrixTest" classname="Tests.Unit.Authorization.CompanyPermissionMatrixTest" assertions="1" time="0.044345"/>
          <testcase name="company permission matrix defines every role and permission combination with data set &quot;dataset &quot;owner / catalog.create&quot;&quot;" file="tests\Unit\Authorization\CompanyPermissionMatrixTest.php::company permission matrix defines every role and permission combination with data set &quot;dataset &quot;owner / catalog.create&quot;&quot;" class="Tests\Unit\Authorization\CompanyPermissionMatrixTest" classname="Tests.Unit.Authorization.CompanyPermissionMatrixTest" assertions="1" time="0.064723"/>
          <testcase name="company permission matrix defines every role and permission combination with data set &quot;dataset &quot;owner / catalog.update&quot;&quot;" file="tests\Unit\Authorization\CompanyPermissionMatrixTest.php::company permission matrix defines every role and permission combination with data set &quot;dataset &quot;owner / catalog.update&quot;&quot;" class="Tests\Unit\Authorization\CompanyPermissionMatrixTest" classname="Tests.Unit.Authorization.CompanyPermissionMatrixTest" assertions="1" time="0.048241"/>
          <testcase name="company permission matrix defines every role and permission combination with data set &quot;dataset &quot;owner / catalog.archive&quot;&quot;" file="tests\Unit\Authorization\CompanyPermissionMatrixTest.php::company permission matrix defines every role and permission combination with data set &quot;dataset &quot;owner / catalog.archive&quot;&quot;" class="Tests\Unit\Authorization\CompanyPermissionMatrixTest" classname="Tests.Unit.Authorization.CompanyPermissionMatrixTest" assertions="1" time="0.060035"/>
          <testcase name="company permission matrix defines every role and permission combination with data set &quot;dataset &quot;owner / catalog.publish&quot;&quot;" file="tests\Unit\Authorization\CompanyPermissionMatrixTest.php::company permission matrix defines every role and permission combination with data set &quot;dataset &quot;owner / catalog.publish&quot;&quot;" class="Tests\Unit\Authorization\CompanyPermissionMatrixTest" classname="Tests.Unit.Authorization.CompanyPermissionMatrixTest" assertions="1" time="0.051684"/>
          <testcase name="company permission matrix defines every role and permission combination with data set &quot;dataset &quot;owner / catalog.manage_categories&quot;&quot;" file="tests\Unit\Authorization\CompanyPermissionMatrixTest.php::company permission matrix defines every role and permission combination with data set &quot;dataset &quot;owner / catalog.manage_categories&quot;&quot;" class="Tests\Unit\Authorization\CompanyPermissionMatrixTest" classname="Tests.Unit.Authorization.CompanyPermissionMatrixTest" assertions="1" time="0.046194"/>
          <testcase name="company permission matrix defines every role and permission combination with data set &quot;dataset &quot;owner / catalog.manage_attributes&quot;&quot;" file="tests\Unit\Authorization\CompanyPermissionMatrixTest.php::company permission matrix defines every role and permission combination with data set &quot;dataset &quot;owner / catalog.manage_attributes&quot;&quot;" class="Tests\Unit\Authorization\CompanyPermissionMatrixTest" classname="Tests.Unit.Authorization.CompanyPermissionMatrixTest" assertions="1" time="0.058749"/>
          <testcase name="company permission matrix defines every role and permission combination with data set &quot;dataset &quot;owner / catalog.manage_media&quot;&quot;" file="tests\Unit\Authorization\CompanyPermissionMatrixTest.php::company permission matrix defines every role and permission combination with data set &quot;dataset &quot;owner / catalog.manage_media&quot;&quot;" class="Tests\Unit\Authorization\CompanyPermissionMatrixTest" classname="Tests.Unit.Authorization.CompanyPermissionMatrixTest" assertions="1" time="0.069666"/>
          <testcase name="company permission matrix defines every role and permission combination with data set &quot;dataset &quot;owner / catalog.manage_documents&quot;&quot;" file="tests\Unit\Authorization\CompanyPermissionMatrixTest.php::company permission matrix defines every role and permission combination with data set &quot;dataset &quot;owner / catalog.manage_documents&quot;&quot;" class="Tests\Unit\Authorization\CompanyPermissionMatrixTest" classname="Tests.Unit.Authorization.CompanyPermissionMatrixTest" assertions="1" time="0.054333"/>
          <testcase name="company permission matrix defines every role and permission combination with data set &quot;dataset &quot;owner / catalog.view_documents&quot;&quot;" file="tests\Unit\Authorization\CompanyPermissionMatrixTest.php::company permission matrix defines every role and permission combination with data set &quot;dataset &quot;owner / catalog.view_documents&quot;&quot;" class="Tests\Unit\Authorization\CompanyPermissionMatrixTest" classname="Tests.Unit.Authorization.CompanyPermissionMatrixTest" assertions="1" time="0.050091"/>
          <testcase name="company permission matrix defines every role and permission combination with data set &quot;dataset &quot;owner / catalog.archive_documents&quot;&quot;" file="tests\Unit\Authorization\CompanyPermissionMatrixTest.php::company permission matrix defines every role and permission combination with data set &quot;dataset &quot;owner / catalog.archive_documents&quot;&quot;" class="Tests\Unit\Authorization\CompanyPermissionMatrixTest" classname="Tests.Unit.Authorization.CompanyPermissionMatrixTest" assertions="1" time="0.073328"/>
          <testcase name="company permission matrix defines every role and permission combination with data set &quot;dataset &quot;owner / passports.view&quot;&quot;" file="tests\Unit\Authorization\CompanyPermissionMatrixTest.php::company permission matrix defines every role and permission combination with data set &quot;dataset &quot;owner / passports.view&quot;&quot;" class="Tests\Unit\Authorization\CompanyPermissionMatrixTest" classname="Tests.Unit.Authorization.CompanyPermissionMatrixTest" assertions="1" time="0.046951"/>
          <testcase name="company permission matrix defines every role and permission combination with data set &quot;dataset &quot;owner / passports.manage&quot;&quot;" file="tests\Unit\Authorization\CompanyPermissionMatrixTest.php::company permission matrix defines every role and permission combination with data set &quot;dataset &quot;owner / passports.manage&quot;&quot;" class="Tests\Unit\Authorization\CompanyPermissionMatrixTest" classname="Tests.Unit.Authorization.CompanyPermissionMatrixTest" assertions="1" time="0.045419"/>
          <testcase name="company permission matrix defines every role and permission combination with data set &quot;dataset &quot;owner / passports.publish&quot;&quot;" file="tests\Unit\Authorization\CompanyPermissionMatrixTest.php::company permission matrix defines every role and permission combination with data set &quot;dataset &quot;owner / passports.publish&quot;&quot;" class="Tests\Unit\Authorization\CompanyPermissionMatrixTest" classname="Tests.Unit.Authorization.CompanyPermissionMatrixTest" assertions="1" time="0.046344"/>
          <testcase name="company permission matrix defines every role and permission combination with data set &quot;dataset &quot;admin / company.view&quot;&quot;" file="tests\Unit\Authorization\CompanyPermissionMatrixTest.php::company permission matrix defines every role and permission combination with data set &quot;dataset &quot;admin / company.view&quot;&quot;" class="Tests\Unit\Authorization\CompanyPermissionMatrixTest" classname="Tests.Unit.Authorization.CompanyPermissionMatrixTest" assertions="1" time="0.043971"/>
          <testcase name="company permission matrix defines every role and permission combination with data set &quot;dataset &quot;admin / company.update&quot;&quot;" file="tests\Unit\Authorization\CompanyPermissionMatrixTest.php::company permission matrix defines every role and permission combination with data set &quot;dataset &quot;admin / company.update&quot;&quot;" class="Tests\Unit\Authorization\CompanyPermissionMatrixTest" classname="Tests.Unit.Authorization.CompanyPermissionMatrixTest" assertions="1" time="0.043389"/>
          <testcase name="company permission matrix defines every role and permission combination with data set &quot;dataset &quot;admin / members.view&quot;&quot;" file="tests\Unit\Authorization\CompanyPermissionMatrixTest.php::company permission matrix defines every role and permission combination with data set &quot;dataset &quot;admin / members.view&quot;&quot;" class="Tests\Unit\Authorization\CompanyPermissionMatrixTest" classname="Tests.Unit.Authorization.CompanyPermissionMatrixTest" assertions="1" time="0.040715"/>
          <testcase name="company permission matrix defines every role and permission combination with data set &quot;dataset &quot;admin / members.invite&quot;&quot;" file="tests\Unit\Authorization\CompanyPermissionMatrixTest.php::company permission matrix defines every role and permission combination with data set &quot;dataset &quot;admin / members.invite&quot;&quot;" class="Tests\Unit\Authorization\CompanyPermissionMatrixTest" classname="Tests.Unit.Authorization.CompanyPermissionMatrixTest" assertions="1" time="0.048765"/>
          <testcase name="company permission matrix defines every role and permission combination with data set &quot;dataset &quot;admin / members.update_role&quot;&quot;" file="tests\Unit\Authorization\CompanyPermissionMatrixTest.php::company permission matrix defines every role and permission combination with data set &quot;dataset &quot;admin / members.update_role&quot;&quot;" class="Tests\Unit\Authorization\CompanyPermissionMatrixTest" classname="Tests.Unit.Authorization.CompanyPermissionMatrixTest" assertions="1" time="0.094556"/>
          <testcase name="company permission matrix defines every role and permission combination with data set &quot;dataset &quot;admin / members.remove&quot;&quot;" file="tests\Unit\Authorization\CompanyPermissionMatrixTest.php::company permission matrix defines every role and permission combination with data set &quot;dataset &quot;admin / members.remove&quot;&quot;" class="Tests\Unit\Authorization\CompanyPermissionMatrixTest" classname="Tests.Unit.Authorization.CompanyPermissionMatrixTest" assertions="1" time="0.048678"/>
          <testcase name="company permission matrix defines every role and permission combination with data set &quot;dataset &quot;admin / audit.view&quot;&quot;" file="tests\Unit\Authorization\CompanyPermissionMatrixTest.php::company permission matrix defines every role and permission combination with data set &quot;dataset &quot;admin / audit.view&quot;&quot;" class="Tests\Unit\Authorization\CompanyPermissionMatrixTest" classname="Tests.Unit.Authorization.CompanyPermissionMatrixTest" assertions="1" time="0.067204"/>
          <testcase name="company permission matrix defines every role and permission combination with data set &quot;dataset &quot;admin / api_tokens.view&quot;&quot;" file="tests\Unit\Authorization\CompanyPermissionMatrixTest.php::company permission matrix defines every role and permission combination with data set &quot;dataset &quot;admin / api_tokens.view&quot;&quot;" class="Tests\Unit\Authorization\CompanyPermissionMatrixTest" classname="Tests.Unit.Authorization.CompanyPermissionMatrixTest" assertions="1" time="0.046992"/>
          <testcase name="company permission matrix defines every role and permission combination with data set &quot;dataset &quot;admin / api_tokens.create&quot;&quot;" file="tests\Unit\Authorization\CompanyPermissionMatrixTest.php::company permission matrix defines every role and permission combination with data set &quot;dataset &quot;admin / api_tokens.create&quot;&quot;" class="Tests\Unit\Authorization\CompanyPermissionMatrixTest" classname="Tests.Unit.Authorization.CompanyPermissionMatrixTest" assertions="1" time="0.052377"/>
          <testcase name="company permission matrix defines every role and permission combination with data set &quot;dataset &quot;admin / api_tokens.revoke&quot;&quot;" file="tests\Unit\Authorization\CompanyPermissionMatrixTest.php::company permission matrix defines every role and permission combination with data set &quot;dataset &quot;admin / api_tokens.revoke&quot;&quot;" class="Tests\Unit\Authorization\CompanyPermissionMatrixTest" classname="Tests.Unit.Authorization.CompanyPermissionMatrixTest" assertions="1" time="0.045481"/>
          <testcase name="company permission matrix defines every role and permission combination with data set &quot;dataset &quot;admin / catalog.view&quot;&quot;" file="tests\Unit\Authorization\CompanyPermissionMatrixTest.php::company permission matrix defines every role and permission combination with data set &quot;dataset &quot;admin / catalog.view&quot;&quot;" class="Tests\Unit\Authorization\CompanyPermissionMatrixTest" classname="Tests.Unit.Authorization.CompanyPermissionMatrixTest" assertions="1" time="0.048552"/>
          <testcase name="company permission matrix defines every role and permission combination with data set &quot;dataset &quot;admin / catalog.create&quot;&quot;" file="tests\Unit\Authorization\CompanyPermissionMatrixTest.php::company permission matrix defines every role and permission combination with data set &quot;dataset &quot;admin / catalog.create&quot;&quot;" class="Tests\Unit\Authorization\CompanyPermissionMatrixTest" classname="Tests.Unit.Authorization.CompanyPermissionMatrixTest" assertions="1" time="0.046524"/>
          <testcase name="company permission matrix defines every role and permission combination with data set &quot;dataset &quot;admin / catalog.update&quot;&quot;" file="tests\Unit\Authorization\CompanyPermissionMatrixTest.php::company permission matrix defines every role and permission combination with data set &quot;dataset &quot;admin / catalog.update&quot;&quot;" class="Tests\Unit\Authorization\CompanyPermissionMatrixTest" classname="Tests.Unit.Authorization.CompanyPermissionMatrixTest" assertions="1" time="0.047246"/>
          <testcase name="company permission matrix defines every role and permission combination with data set &quot;dataset &quot;admin / catalog.archive&quot;&quot;" file="tests\Unit\Authorization\CompanyPermissionMatrixTest.php::company permission matrix defines every role and permission combination with data set &quot;dataset &quot;admin / catalog.archive&quot;&quot;" class="Tests\Unit\Authorization\CompanyPermissionMatrixTest" classname="Tests.Unit.Authorization.CompanyPermissionMatrixTest" assertions="1" time="0.052185"/>
          <testcase name="company permission matrix defines every role and permission combination with data set &quot;dataset &quot;admin / catalog.publish&quot;&quot;" file="tests\Unit\Authorization\CompanyPermissionMatrixTest.php::company permission matrix defines every role and permission combination with data set &quot;dataset &quot;admin / catalog.publish&quot;&quot;" class="Tests\Unit\Authorization\CompanyPermissionMatrixTest" classname="Tests.Unit.Authorization.CompanyPermissionMatrixTest" assertions="1" time="0.044530"/>
          <testcase name="company permission matrix defines every role and permission combination with data set &quot;dataset &quot;admin / catalog.manage_categories&quot;&quot;" file="tests\Unit\Authorization\CompanyPermissionMatrixTest.php::company permission matrix defines every role and permission combination with data set &quot;dataset &quot;admin / catalog.manage_categories&quot;&quot;" class="Tests\Unit\Authorization\CompanyPermissionMatrixTest" classname="Tests.Unit.Authorization.CompanyPermissionMatrixTest" assertions="1" time="0.059979"/>
          <testcase name="company permission matrix defines every role and permission combination with data set &quot;dataset &quot;admin / catalog.manage_attributes&quot;&quot;" file="tests\Unit\Authorization\CompanyPermissionMatrixTest.php::company permission matrix defines every role and permission combination with data set &quot;dataset &quot;admin / catalog.manage_attributes&quot;&quot;" class="Tests\Unit\Authorization\CompanyPermissionMatrixTest" classname="Tests.Unit.Authorization.CompanyPermissionMatrixTest" assertions="1" time="0.055546"/>
          <testcase name="company permission matrix defines every role and permission combination with data set &quot;dataset &quot;admin / catalog.manage_media&quot;&quot;" file="tests\Unit\Authorization\CompanyPermissionMatrixTest.php::company permission matrix defines every role and permission combination with data set &quot;dataset &quot;admin / catalog.manage_media&quot;&quot;" class="Tests\Unit\Authorization\CompanyPermissionMatrixTest" classname="Tests.Unit.Authorization.CompanyPermissionMatrixTest" assertions="1" time="0.045169"/>
          <testcase name="company permission matrix defines every role and permission combination with data set &quot;dataset &quot;admin / catalog.manage_documents&quot;&quot;" file="tests\Unit\Authorization\CompanyPermissionMatrixTest.php::company permission matrix defines every role and permission combination with data set &quot;dataset &quot;admin / catalog.manage_documents&quot;&quot;" class="Tests\Unit\Authorization\CompanyPermissionMatrixTest" classname="Tests.Unit.Authorization.CompanyPermissionMatrixTest" assertions="1" time="0.041374"/>
          <testcase name="company permission matrix defines every role and permission combination with data set &quot;dataset &quot;admin / catalog.view_documents&quot;&quot;" file="tests\Unit\Authorization\CompanyPermissionMatrixTest.php::company permission matrix defines every role and permission combination with data set &quot;dataset &quot;admin / catalog.view_documents&quot;&quot;" class="Tests\Unit\Authorization\CompanyPermissionMatrixTest" classname="Tests.Unit.Authorization.CompanyPermissionMatrixTest" assertions="1" time="0.046765"/>
          <testcase name="company permission matrix defines every role and permission combination with data set &quot;dataset &quot;admin / catalog.archive_documents&quot;&quot;" file="tests\Unit\Authorization\CompanyPermissionMatrixTest.php::company permission matrix defines every role and permission combination with data set &quot;dataset &quot;admin / catalog.archive_documents&quot;&quot;" class="Tests\Unit\Authorization\CompanyPermissionMatrixTest" classname="Tests.Unit.Authorization.CompanyPermissionMatrixTest" assertions="1" time="0.046907"/>
          <testcase name="company permission matrix defines every role and permission combination with data set &quot;dataset &quot;admin / passports.view&quot;&quot;" file="tests\Unit\Authorization\CompanyPermissionMatrixTest.php::company permission matrix defines every role and permission combination with data set &quot;dataset &quot;admin / passports.view&quot;&quot;" class="Tests\Unit\Authorization\CompanyPermissionMatrixTest" classname="Tests.Unit.Authorization.CompanyPermissionMatrixTest" assertions="1" time="0.044707"/>
          <testcase name="company permission matrix defines every role and permission combination with data set &quot;dataset &quot;admin / passports.manage&quot;&quot;" file="tests\Unit\Authorization\CompanyPermissionMatrixTest.php::company permission matrix defines every role and permission combination with data set &quot;dataset &quot;admin / passports.manage&quot;&quot;" class="Tests\Unit\Authorization\CompanyPermissionMatrixTest" classname="Tests.Unit.Authorization.CompanyPermissionMatrixTest" assertions="1" time="0.065449"/>
          <testcase name="company permission matrix defines every role and permission combination with data set &quot;dataset &quot;admin / passports.publish&quot;&quot;" file="tests\Unit\Authorization\CompanyPermissionMatrixTest.php::company permission matrix defines every role and permission combination with data set &quot;dataset &quot;admin / passports.publish&quot;&quot;" class="Tests\Unit\Authorization\CompanyPermissionMatrixTest" classname="Tests.Unit.Authorization.CompanyPermissionMatrixTest" assertions="1" time="0.050828"/>
          <testcase name="company permission matrix defines every role and permission combination with data set &quot;dataset &quot;editor / company.view&quot;&quot;" file="tests\Unit\Authorization\CompanyPermissionMatrixTest.php::company permission matrix defines every role and permission combination with data set &quot;dataset &quot;editor / company.view&quot;&quot;" class="Tests\Unit\Authorization\CompanyPermissionMatrixTest" classname="Tests.Unit.Authorization.CompanyPermissionMatrixTest" assertions="1" time="0.049802"/>
          <testcase name="company permission matrix defines every role and permission combination with data set &quot;dataset &quot;editor / company.update&quot;&quot;" file="tests\Unit\Authorization\CompanyPermissionMatrixTest.php::company permission matrix defines every role and permission combination with data set &quot;dataset &quot;editor / company.update&quot;&quot;" class="Tests\Unit\Authorization\CompanyPermissionMatrixTest" classname="Tests.Unit.Authorization.CompanyPermissionMatrixTest" assertions="1" time="0.049678"/>
          <testcase name="company permission matrix defines every role and permission combination with data set &quot;dataset &quot;editor / members.view&quot;&quot;" file="tests\Unit\Authorization\CompanyPermissionMatrixTest.php::company permission matrix defines every role and permission combination with data set &quot;dataset &quot;editor / members.view&quot;&quot;" class="Tests\Unit\Authorization\CompanyPermissionMatrixTest" classname="Tests.Unit.Authorization.CompanyPermissionMatrixTest" assertions="1" time="0.049605"/>
          <testcase name="company permission matrix defines every role and permission combination with data set &quot;dataset &quot;editor / members.invite&quot;&quot;" file="tests\Unit\Authorization\CompanyPermissionMatrixTest.php::company permission matrix defines every role and permission combination with data set &quot;dataset &quot;editor / members.invite&quot;&quot;" class="Tests\Unit\Authorization\CompanyPermissionMatrixTest" classname="Tests.Unit.Authorization.CompanyPermissionMatrixTest" assertions="1" time="0.049086"/>
          <testcase name="company permission matrix defines every role and permission combination with data set &quot;dataset &quot;editor / members.update_role&quot;&quot;" file="tests\Unit\Authorization\CompanyPermissionMatrixTest.php::company permission matrix defines every role and permission combination with data set &quot;dataset &quot;editor / members.update_role&quot;&quot;" class="Tests\Unit\Authorization\CompanyPermissionMatrixTest" classname="Tests.Unit.Authorization.CompanyPermissionMatrixTest" assertions="1" time="0.084857"/>
          <testcase name="company permission matrix defines every role and permission combination with data set &quot;dataset &quot;editor / members.remove&quot;&quot;" file="tests\Unit\Authorization\CompanyPermissionMatrixTest.php::company permission matrix defines every role and permission combination with data set &quot;dataset &quot;editor / members.remove&quot;&quot;" class="Tests\Unit\Authorization\CompanyPermissionMatrixTest" classname="Tests.Unit.Authorization.CompanyPermissionMatrixTest" assertions="1" time="0.057680"/>
          <testcase name="company permission matrix defines every role and permission combination with data set &quot;dataset &quot;editor / audit.view&quot;&quot;" file="tests\Unit\Authorization\CompanyPermissionMatrixTest.php::company permission matrix defines every role and permission combination with data set &quot;dataset &quot;editor / audit.view&quot;&quot;" class="Tests\Unit\Authorization\CompanyPermissionMatrixTest" classname="Tests.Unit.Authorization.CompanyPermissionMatrixTest" assertions="1" time="0.040486"/>
          <testcase name="company permission matrix defines every role and permission combination with data set &quot;dataset &quot;editor / api_tokens.view&quot;&quot;" file="tests\Unit\Authorization\CompanyPermissionMatrixTest.php::company permission matrix defines every role and permission combination with data set &quot;dataset &quot;editor / api_tokens.view&quot;&quot;" class="Tests\Unit\Authorization\CompanyPermissionMatrixTest" classname="Tests.Unit.Authorization.CompanyPermissionMatrixTest" assertions="1" time="0.041151"/>
          <testcase name="company permission matrix defines every role and permission combination with data set &quot;dataset &quot;editor / api_tokens.create&quot;&quot;" file="tests\Unit\Authorization\CompanyPermissionMatrixTest.php::company permission matrix defines every role and permission combination with data set &quot;dataset &quot;editor / api_tokens.create&quot;&quot;" class="Tests\Unit\Authorization\CompanyPermissionMatrixTest" classname="Tests.Unit.Authorization.CompanyPermissionMatrixTest" assertions="1" time="0.043451"/>
          <testcase name="company permission matrix defines every role and permission combination with data set &quot;dataset &quot;editor / api_tokens.revoke&quot;&quot;" file="tests\Unit\Authorization\CompanyPermissionMatrixTest.php::company permission matrix defines every role and permission combination with data set &quot;dataset &quot;editor / api_tokens.revoke&quot;&quot;" class="Tests\Unit\Authorization\CompanyPermissionMatrixTest" classname="Tests.Unit.Authorization.CompanyPermissionMatrixTest" assertions="1" time="0.042022"/>
          <testcase name="company permission matrix defines every role and permission combination with data set &quot;dataset &quot;editor / catalog.view&quot;&quot;" file="tests\Unit\Authorization\CompanyPermissionMatrixTest.php::company permission matrix defines every role and permission combination with data set &quot;dataset &quot;editor / catalog.view&quot;&quot;" class="Tests\Unit\Authorization\CompanyPermissionMatrixTest" classname="Tests.Unit.Authorization.CompanyPermissionMatrixTest" assertions="1" time="0.060652"/>
          <testcase name="company permission matrix defines every role and permission combination with data set &quot;dataset &quot;editor / catalog.create&quot;&quot;" file="tests\Unit\Authorization\CompanyPermissionMatrixTest.php::company permission matrix defines every role and permission combination with data set &quot;dataset &quot;editor / catalog.create&quot;&quot;" class="Tests\Unit\Authorization\CompanyPermissionMatrixTest" classname="Tests.Unit.Authorization.CompanyPermissionMatrixTest" assertions="1" time="0.047301"/>
          <testcase name="company permission matrix defines every role and permission combination with data set &quot;dataset &quot;editor / catalog.update&quot;&quot;" file="tests\Unit\Authorization\CompanyPermissionMatrixTest.php::company permission matrix defines every role and permission combination with data set &quot;dataset &quot;editor / catalog.update&quot;&quot;" class="Tests\Unit\Authorization\CompanyPermissionMatrixTest" classname="Tests.Unit.Authorization.CompanyPermissionMatrixTest" assertions="1" time="0.047286"/>
          <testcase name="company permission matrix defines every role and permission combination with data set &quot;dataset &quot;editor / catalog.archive&quot;&quot;" file="tests\Unit\Authorization\CompanyPermissionMatrixTest.php::company permission matrix defines every role and permission combination with data set &quot;dataset &quot;editor / catalog.archive&quot;&quot;" class="Tests\Unit\Authorization\CompanyPermissionMatrixTest" classname="Tests.Unit.Authorization.CompanyPermissionMatrixTest" assertions="1" time="0.043845"/>
          <testcase name="company permission matrix defines every role and permission combination with data set &quot;dataset &quot;editor / catalog.publish&quot;&quot;" file="tests\Unit\Authorization\CompanyPermissionMatrixTest.php::company permission matrix defines every role and permission combination with data set &quot;dataset &quot;editor / catalog.publish&quot;&quot;" class="Tests\Unit\Authorization\CompanyPermissionMatrixTest" classname="Tests.Unit.Authorization.CompanyPermissionMatrixTest" assertions="1" time="0.052527"/>
          <testcase name="company permission matrix defines every role and permission combination with data set &quot;dataset &quot;editor / catalog.manage_categories&quot;&quot;" file="tests\Unit\Authorization\CompanyPermissionMatrixTest.php::company permission matrix defines every role and permission combination with data set &quot;dataset &quot;editor / catalog.manage_categories&quot;&quot;" class="Tests\Unit\Authorization\CompanyPermissionMatrixTest" classname="Tests.Unit.Authorization.CompanyPermissionMatrixTest" assertions="1" time="0.047506"/>
          <testcase name="company permission matrix defines every role and permission combination with data set &quot;dataset &quot;editor / catalog.manage_attributes&quot;&quot;" file="tests\Unit\Authorization\CompanyPermissionMatrixTest.php::company permission matrix defines every role and permission combination with data set &quot;dataset &quot;editor / catalog.manage_attributes&quot;&quot;" class="Tests\Unit\Authorization\CompanyPermissionMatrixTest" classname="Tests.Unit.Authorization.CompanyPermissionMatrixTest" assertions="1" time="0.056957"/>
          <testcase name="company permission matrix defines every role and permission combination with data set &quot;dataset &quot;editor / catalog.manage_media&quot;&quot;" file="tests\Unit\Authorization\CompanyPermissionMatrixTest.php::company permission matrix defines every role and permission combination with data set &quot;dataset &quot;editor / catalog.manage_media&quot;&quot;" class="Tests\Unit\Authorization\CompanyPermissionMatrixTest" classname="Tests.Unit.Authorization.CompanyPermissionMatrixTest" assertions="1" time="0.063110"/>
          <testcase name="company permission matrix defines every role and permission combination with data set &quot;dataset &quot;editor / catalog.manage_documents&quot;&quot;" file="tests\Unit\Authorization\CompanyPermissionMatrixTest.php::company permission matrix defines every role and permission combination with data set &quot;dataset &quot;editor / catalog.manage_documents&quot;&quot;" class="Tests\Unit\Authorization\CompanyPermissionMatrixTest" classname="Tests.Unit.Authorization.CompanyPermissionMatrixTest" assertions="1" time="0.051750"/>
          <testcase name="company permission matrix defines every role and permission combination with data set &quot;dataset &quot;editor / catalog.view_documents&quot;&quot;" file="tests\Unit\Authorization\CompanyPermissionMatrixTest.php::company permission matrix defines every role and permission combination with data set &quot;dataset &quot;editor / catalog.view_documents&quot;&quot;" class="Tests\Unit\Authorization\CompanyPermissionMatrixTest" classname="Tests.Unit.Authorization.CompanyPermissionMatrixTest" assertions="1" time="0.062825"/>
          <testcase name="company permission matrix defines every role and permission combination with data set &quot;dataset &quot;editor / catalog.archive_documents&quot;&quot;" file="tests\Unit\Authorization\CompanyPermissionMatrixTest.php::company permission matrix defines every role and permission combination with data set &quot;dataset &quot;editor / catalog.archive_documents&quot;&quot;" class="Tests\Unit\Authorization\CompanyPermissionMatrixTest" classname="Tests.Unit.Authorization.CompanyPermissionMatrixTest" assertions="1" time="0.041211"/>
          <testcase name="company permission matrix defines every role and permission combination with data set &quot;dataset &quot;editor / passports.view&quot;&quot;" file="tests\Unit\Authorization\CompanyPermissionMatrixTest.php::company permission matrix defines every role and permission combination with data set &quot;dataset &quot;editor / passports.view&quot;&quot;" class="Tests\Unit\Authorization\CompanyPermissionMatrixTest" classname="Tests.Unit.Authorization.CompanyPermissionMatrixTest" assertions="1" time="0.052821"/>
          <testcase name="company permission matrix defines every role and permission combination with data set &quot;dataset &quot;editor / passports.manage&quot;&quot;" file="tests\Unit\Authorization\CompanyPermissionMatrixTest.php::company permission matrix defines every role and permission combination with data set &quot;dataset &quot;editor / passports.manage&quot;&quot;" class="Tests\Unit\Authorization\CompanyPermissionMatrixTest" classname="Tests.Unit.Authorization.CompanyPermissionMatrixTest" assertions="1" time="0.049235"/>
          <testcase name="company permission matrix defines every role and permission combination with data set &quot;dataset &quot;editor / passports.publish&quot;&quot;" file="tests\Unit\Authorization\CompanyPermissionMatrixTest.php::company permission matrix defines every role and permission combination with data set &quot;dataset &quot;editor / passports.publish&quot;&quot;" class="Tests\Unit\Authorization\CompanyPermissionMatrixTest" classname="Tests.Unit.Authorization.CompanyPermissionMatrixTest" assertions="1" time="0.047341"/>
          <testcase name="company permission matrix defines every role and permission combination with data set &quot;dataset &quot;viewer / company.view&quot;&quot;" file="tests\Unit\Authorization\CompanyPermissionMatrixTest.php::company permission matrix defines every role and permission combination with data set &quot;dataset &quot;viewer / company.view&quot;&quot;" class="Tests\Unit\Authorization\CompanyPermissionMatrixTest" classname="Tests.Unit.Authorization.CompanyPermissionMatrixTest" assertions="1" time="0.050830"/>
          <testcase name="company permission matrix defines every role and permission combination with data set &quot;dataset &quot;viewer / company.update&quot;&quot;" file="tests\Unit\Authorization\CompanyPermissionMatrixTest.php::company permission matrix defines every role and permission combination with data set &quot;dataset &quot;viewer / company.update&quot;&quot;" class="Tests\Unit\Authorization\CompanyPermissionMatrixTest" classname="Tests.Unit.Authorization.CompanyPermissionMatrixTest" assertions="1" time="0.053944"/>
          <testcase name="company permission matrix defines every role and permission combination with data set &quot;dataset &quot;viewer / members.view&quot;&quot;" file="tests\Unit\Authorization\CompanyPermissionMatrixTest.php::company permission matrix defines every role and permission combination with data set &quot;dataset &quot;viewer / members.view&quot;&quot;" class="Tests\Unit\Authorization\CompanyPermissionMatrixTest" classname="Tests.Unit.Authorization.CompanyPermissionMatrixTest" assertions="1" time="0.052944"/>
          <testcase name="company permission matrix defines every role and permission combination with data set &quot;dataset &quot;viewer / members.invite&quot;&quot;" file="tests\Unit\Authorization\CompanyPermissionMatrixTest.php::company permission matrix defines every role and permission combination with data set &quot;dataset &quot;viewer / members.invite&quot;&quot;" class="Tests\Unit\Authorization\CompanyPermissionMatrixTest" classname="Tests.Unit.Authorization.CompanyPermissionMatrixTest" assertions="1" time="0.049675"/>
          <testcase name="company permission matrix defines every role and permission combination with data set &quot;dataset &quot;viewer / members.update_role&quot;&quot;" file="tests\Unit\Authorization\CompanyPermissionMatrixTest.php::company permission matrix defines every role and permission combination with data set &quot;dataset &quot;viewer / members.update_role&quot;&quot;" class="Tests\Unit\Authorization\CompanyPermissionMatrixTest" classname="Tests.Unit.Authorization.CompanyPermissionMatrixTest" assertions="1" time="0.040907"/>
          <testcase name="company permission matrix defines every role and permission combination with data set &quot;dataset &quot;viewer / members.remove&quot;&quot;" file="tests\Unit\Authorization\CompanyPermissionMatrixTest.php::company permission matrix defines every role and permission combination with data set &quot;dataset &quot;viewer / members.remove&quot;&quot;" class="Tests\Unit\Authorization\CompanyPermissionMatrixTest" classname="Tests.Unit.Authorization.CompanyPermissionMatrixTest" assertions="1" time="0.066751"/>
          <testcase name="company permission matrix defines every role and permission combination with data set &quot;dataset &quot;viewer / audit.view&quot;&quot;" file="tests\Unit\Authorization\CompanyPermissionMatrixTest.php::company permission matrix defines every role and permission combination with data set &quot;dataset &quot;viewer / audit.view&quot;&quot;" class="Tests\Unit\Authorization\CompanyPermissionMatrixTest" classname="Tests.Unit.Authorization.CompanyPermissionMatrixTest" assertions="1" time="0.053542"/>
          <testcase name="company permission matrix defines every role and permission combination with data set &quot;dataset &quot;viewer / api_tokens.view&quot;&quot;" file="tests\Unit\Authorization\CompanyPermissionMatrixTest.php::company permission matrix defines every role and permission combination with data set &quot;dataset &quot;viewer / api_tokens.view&quot;&quot;" class="Tests\Unit\Authorization\CompanyPermissionMatrixTest" classname="Tests.Unit.Authorization.CompanyPermissionMatrixTest" assertions="1" time="0.044823"/>
          <testcase name="company permission matrix defines every role and permission combination with data set &quot;dataset &quot;viewer / api_tokens.create&quot;&quot;" file="tests\Unit\Authorization\CompanyPermissionMatrixTest.php::company permission matrix defines every role and permission combination with data set &quot;dataset &quot;viewer / api_tokens.create&quot;&quot;" class="Tests\Unit\Authorization\CompanyPermissionMatrixTest" classname="Tests.Unit.Authorization.CompanyPermissionMatrixTest" assertions="1" time="0.051124"/>
          <testcase name="company permission matrix defines every role and permission combination with data set &quot;dataset &quot;viewer / api_tokens.revoke&quot;&quot;" file="tests\Unit\Authorization\CompanyPermissionMatrixTest.php::company permission matrix defines every role and permission combination with data set &quot;dataset &quot;viewer / api_tokens.revoke&quot;&quot;" class="Tests\Unit\Authorization\CompanyPermissionMatrixTest" classname="Tests.Unit.Authorization.CompanyPermissionMatrixTest" assertions="1" time="0.053055"/>
          <testcase name="company permission matrix defines every role and permission combination with data set &quot;dataset &quot;viewer / catalog.view&quot;&quot;" file="tests\Unit\Authorization\CompanyPermissionMatrixTest.php::company permission matrix defines every role and permission combination with data set &quot;dataset &quot;viewer / catalog.view&quot;&quot;" class="Tests\Unit\Authorization\CompanyPermissionMatrixTest" classname="Tests.Unit.Authorization.CompanyPermissionMatrixTest" assertions="1" time="0.044029"/>
          <testcase name="company permission matrix defines every role and permission combination with data set &quot;dataset &quot;viewer / catalog.create&quot;&quot;" file="tests\Unit\Authorization\CompanyPermissionMatrixTest.php::company permission matrix defines every role and permission combination with data set &quot;dataset &quot;viewer / catalog.create&quot;&quot;" class="Tests\Unit\Authorization\CompanyPermissionMatrixTest" classname="Tests.Unit.Authorization.CompanyPermissionMatrixTest" assertions="1" time="0.063411"/>
          <testcase name="company permission matrix defines every role and permission combination with data set &quot;dataset &quot;viewer / catalog.update&quot;&quot;" file="tests\Unit\Authorization\CompanyPermissionMatrixTest.php::company permission matrix defines every role and permission combination with data set &quot;dataset &quot;viewer / catalog.update&quot;&quot;" class="Tests\Unit\Authorization\CompanyPermissionMatrixTest" classname="Tests.Unit.Authorization.CompanyPermissionMatrixTest" assertions="1" time="0.043428"/>
          <testcase name="company permission matrix defines every role and permission combination with data set &quot;dataset &quot;viewer / catalog.archive&quot;&quot;" file="tests\Unit\Authorization\CompanyPermissionMatrixTest.php::company permission matrix defines every role and permission combination with data set &quot;dataset &quot;viewer / catalog.archive&quot;&quot;" class="Tests\Unit\Authorization\CompanyPermissionMatrixTest" classname="Tests.Unit.Authorization.CompanyPermissionMatrixTest" assertions="1" time="0.053823"/>
          <testcase name="company permission matrix defines every role and permission combination with data set &quot;dataset &quot;viewer / catalog.publish&quot;&quot;" file="tests\Unit\Authorization\CompanyPermissionMatrixTest.php::company permission matrix defines every role and permission combination with data set &quot;dataset &quot;viewer / catalog.publish&quot;&quot;" class="Tests\Unit\Authorization\CompanyPermissionMatrixTest" classname="Tests.Unit.Authorization.CompanyPermissionMatrixTest" assertions="1" time="0.059520"/>
          <testcase name="company permission matrix defines every role and permission combination with data set &quot;dataset &quot;viewer / catalog.manage_categories&quot;&quot;" file="tests\Unit\Authorization\CompanyPermissionMatrixTest.php::company permission matrix defines every role and permission combination with data set &quot;dataset &quot;viewer / catalog.manage_categories&quot;&quot;" class="Tests\Unit\Authorization\CompanyPermissionMatrixTest" classname="Tests.Unit.Authorization.CompanyPermissionMatrixTest" assertions="1" time="0.052287"/>
          <testcase name="company permission matrix defines every role and permission combination with data set &quot;dataset &quot;viewer / catalog.manage_attributes&quot;&quot;" file="tests\Unit\Authorization\CompanyPermissionMatrixTest.php::company permission matrix defines every role and permission combination with data set &quot;dataset &quot;viewer / catalog.manage_attributes&quot;&quot;" class="Tests\Unit\Authorization\CompanyPermissionMatrixTest" classname="Tests.Unit.Authorization.CompanyPermissionMatrixTest" assertions="1" time="0.054943"/>
          <testcase name="company permission matrix defines every role and permission combination with data set &quot;dataset &quot;viewer / catalog.manage_media&quot;&quot;" file="tests\Unit\Authorization\CompanyPermissionMatrixTest.php::company permission matrix defines every role and permission combination with data set &quot;dataset &quot;viewer / catalog.manage_media&quot;&quot;" class="Tests\Unit\Authorization\CompanyPermissionMatrixTest" classname="Tests.Unit.Authorization.CompanyPermissionMatrixTest" assertions="1" time="0.066909"/>
          <testcase name="company permission matrix defines every role and permission combination with data set &quot;dataset &quot;viewer / catalog.manage_documents&quot;&quot;" file="tests\Unit\Authorization\CompanyPermissionMatrixTest.php::company permission matrix defines every role and permission combination with data set &quot;dataset &quot;viewer / catalog.manage_documents&quot;&quot;" class="Tests\Unit\Authorization\CompanyPermissionMatrixTest" classname="Tests.Unit.Authorization.CompanyPermissionMatrixTest" assertions="1" time="0.057693"/>
          <testcase name="company permission matrix defines every role and permission combination with data set &quot;dataset &quot;viewer / catalog.view_documents&quot;&quot;" file="tests\Unit\Authorization\CompanyPermissionMatrixTest.php::company permission matrix defines every role and permission combination with data set &quot;dataset &quot;viewer / catalog.view_documents&quot;&quot;" class="Tests\Unit\Authorization\CompanyPermissionMatrixTest" classname="Tests.Unit.Authorization.CompanyPermissionMatrixTest" assertions="1" time="0.048319"/>
          <testcase name="company permission matrix defines every role and permission combination with data set &quot;dataset &quot;viewer / catalog.archive_documents&quot;&quot;" file="tests\Unit\Authorization\CompanyPermissionMatrixTest.php::company permission matrix defines every role and permission combination with data set &quot;dataset &quot;viewer / catalog.archive_documents&quot;&quot;" class="Tests\Unit\Authorization\CompanyPermissionMatrixTest" classname="Tests.Unit.Authorization.CompanyPermissionMatrixTest" assertions="1" time="0.049394"/>
          <testcase name="company permission matrix defines every role and permission combination with data set &quot;dataset &quot;viewer / passports.view&quot;&quot;" file="tests\Unit\Authorization\CompanyPermissionMatrixTest.php::company permission matrix defines every role and permission combination with data set &quot;dataset &quot;viewer / passports.view&quot;&quot;" class="Tests\Unit\Authorization\CompanyPermissionMatrixTest" classname="Tests.Unit.Authorization.CompanyPermissionMatrixTest" assertions="1" time="0.051239"/>
          <testcase name="company permission matrix defines every role and permission combination with data set &quot;dataset &quot;viewer / passports.manage&quot;&quot;" file="tests\Unit\Authorization\CompanyPermissionMatrixTest.php::company permission matrix defines every role and permission combination with data set &quot;dataset &quot;viewer / passports.manage&quot;&quot;" class="Tests\Unit\Authorization\CompanyPermissionMatrixTest" classname="Tests.Unit.Authorization.CompanyPermissionMatrixTest" assertions="1" time="0.053426"/>
          <testcase name="company permission matrix defines every role and permission combination with data set &quot;dataset &quot;viewer / passports.publish&quot;&quot;" file="tests\Unit\Authorization\CompanyPermissionMatrixTest.php::company permission matrix defines every role and permission combination with data set &quot;dataset &quot;viewer / passports.publish&quot;&quot;" class="Tests\Unit\Authorization\CompanyPermissionMatrixTest" classname="Tests.Unit.Authorization.CompanyPermissionMatrixTest" assertions="1" time="0.047517"/>
        </testsuite>
      </testsuite>
      <testsuite name="Tests\Unit\Catalog\Attributes\AttributeValueValidatorTest" file="tests\Unit\Catalog\Attributes\AttributeValueValidatorTest.php" tests="12" assertions="14" errors="0" failures="0" skipped="0" time="0.627971">
        <testsuite name="validation rule allowlist normalizes every supported rule family" tests="5" assertions="5" errors="0" failures="0" skipped="0" time="0.266306">
          <testcase name="validation rule allowlist normalizes every supported rule family with data set &quot;dataset &quot;text&quot;&quot;" file="tests\Unit\Catalog\Attributes\AttributeValueValidatorTest.php::validation rule allowlist normalizes every supported rule family with data set &quot;dataset &quot;text&quot;&quot;" class="Tests\Unit\Catalog\Attributes\AttributeValueValidatorTest" classname="Tests.Unit.Catalog.Attributes.AttributeValueValidatorTest" assertions="1" time="0.048286"/>
          <testcase name="validation rule allowlist normalizes every supported rule family with data set &quot;dataset &quot;integer&quot;&quot;" file="tests\Unit\Catalog\Attributes\AttributeValueValidatorTest.php::validation rule allowlist normalizes every supported rule family with data set &quot;dataset &quot;integer&quot;&quot;" class="Tests\Unit\Catalog\Attributes\AttributeValueValidatorTest" classname="Tests.Unit.Catalog.Attributes.AttributeValueValidatorTest" assertions="1" time="0.062682"/>
          <testcase name="validation rule allowlist normalizes every supported rule family with data set &quot;dataset &quot;decimal&quot;&quot;" file="tests\Unit\Catalog\Attributes\AttributeValueValidatorTest.php::validation rule allowlist normalizes every supported rule family with data set &quot;dataset &quot;decimal&quot;&quot;" class="Tests\Unit\Catalog\Attributes\AttributeValueValidatorTest" classname="Tests.Unit.Catalog.Attributes.AttributeValueValidatorTest" assertions="1" time="0.058089"/>
          <testcase name="validation rule allowlist normalizes every supported rule family with data set &quot;dataset &quot;date&quot;&quot;" file="tests\Unit\Catalog\Attributes\AttributeValueValidatorTest.php::validation rule allowlist normalizes every supported rule family with data set &quot;dataset &quot;date&quot;&quot;" class="Tests\Unit\Catalog\Attributes\AttributeValueValidatorTest" classname="Tests.Unit.Catalog.Attributes.AttributeValueValidatorTest" assertions="1" time="0.045314"/>
          <testcase name="validation rule allowlist normalizes every supported rule family with data set &quot;dataset &quot;multiselect&quot;&quot;" file="tests\Unit\Catalog\Attributes\AttributeValueValidatorTest.php::validation rule allowlist normalizes every supported rule family with data set &quot;dataset &quot;multiselect&quot;&quot;" class="Tests\Unit\Catalog\Attributes\AttributeValueValidatorTest" classname="Tests.Unit.Catalog.Attributes.AttributeValueValidatorTest" assertions="1" time="0.051935"/>
        </testsuite>
        <testsuite name="select and boolean reject arbitrary validation rules" tests="2" assertions="4" errors="0" failures="0" skipped="0" time="0.114359">
          <testcase name="select and boolean reject arbitrary validation rules with data set &quot;(App\Enums\Catalog\AttributeDataType Enum (Select, 'select'))&quot;" file="tests\Unit\Catalog\Attributes\AttributeValueValidatorTest.php::select and boolean reject arbitrary validation rules with data set &quot;(App\Enums\Catalog\AttributeDataType Enum (Select, 'select'))&quot;" class="Tests\Unit\Catalog\Attributes\AttributeValueValidatorTest" classname="Tests.Unit.Catalog.Attributes.AttributeValueValidatorTest" assertions="2" time="0.051549"/>
          <testcase name="select and boolean reject arbitrary validation rules with data set &quot;(App\Enums\Catalog\AttributeDataType Enum (Boolean, 'boolean'))&quot;" file="tests\Unit\Catalog\Attributes\AttributeValueValidatorTest.php::select and boolean reject arbitrary validation rules with data set &quot;(App\Enums\Catalog\AttributeDataType Enum (Boolean, 'boolean'))&quot;" class="Tests\Unit\Catalog\Attributes\AttributeValueValidatorTest" classname="Tests.Unit.Catalog.Attributes.AttributeValueValidatorTest" assertions="2" time="0.062810"/>
        </testsuite>
        <testcase name="blank rules from the shared definition form are ignored before the type allowlist is applied" file="tests\Unit\Catalog\Attributes\AttributeValueValidatorTest.php::blank rules from the shared definition form are ignored before the type allowlist is applied" class="Tests\Unit\Catalog\Attributes\AttributeValueValidatorTest" classname="Tests.Unit.Catalog.Attributes.AttributeValueValidatorTest" assertions="1" time="0.052247"/>
        <testsuite name="validation rule bounds and minimum maximum order are enforced" tests="4" assertions="4" errors="0" failures="0" skipped="0" time="0.195059">
          <testcase name="validation rule bounds and minimum maximum order are enforced with data set &quot;(App\Enums\Catalog\AttributeDataType Enum (Text, 'text'), [1001])&quot;" file="tests\Unit\Catalog\Attributes\AttributeValueValidatorTest.php::validation rule bounds and minimum maximum order are enforced with data set &quot;(App\Enums\Catalog\AttributeDataType Enum (Text, 'text'), [1001])&quot;" class="Tests\Unit\Catalog\Attributes\AttributeValueValidatorTest" classname="Tests.Unit.Catalog.Attributes.AttributeValueValidatorTest" assertions="1" time="0.047709"/>
          <testcase name="validation rule bounds and minimum maximum order are enforced with data set &quot;(App\Enums\Catalog\AttributeDataType Enum (Multiselect, 'multiselect'), [201])&quot;" file="tests\Unit\Catalog\Attributes\AttributeValueValidatorTest.php::validation rule bounds and minimum maximum order are enforced with data set &quot;(App\Enums\Catalog\AttributeDataType Enum (Multiselect, 'multiselect'), [201])&quot;" class="Tests\Unit\Catalog\Attributes\AttributeValueValidatorTest" classname="Tests.Unit.Catalog.Attributes.AttributeValueValidatorTest" assertions="1" time="0.055703"/>
          <testcase name="validation rule bounds and minimum maximum order are enforced with data set &quot;(App\Enums\Catalog\AttributeDataType Enum (Integer, 'integer'), [2, 1])&quot;" file="tests\Unit\Catalog\Attributes\AttributeValueValidatorTest.php::validation rule bounds and minimum maximum order are enforced with data set &quot;(App\Enums\Catalog\AttributeDataType Enum (Integer, 'integer'), [2, 1])&quot;" class="Tests\Unit\Catalog\Attributes\AttributeValueValidatorTest" classname="Tests.Unit.Catalog.Attributes.AttributeValueValidatorTest" assertions="1" time="0.051319"/>
          <testcase name="validation rule bounds and minimum maximum order are enforced with data set &quot;(App\Enums\Catalog\AttributeDataType Enum (Date, 'date'), ['2026-02-30'])&quot;" file="tests\Unit\Catalog\Attributes\AttributeValueValidatorTest.php::validation rule bounds and minimum maximum order are enforced with data set &quot;(App\Enums\Catalog\AttributeDataType Enum (Date, 'date'), ['2026-02-30'])&quot;" class="Tests\Unit\Catalog\Attributes\AttributeValueValidatorTest" classname="Tests.Unit.Catalog.Attributes.AttributeValueValidatorTest" assertions="1" time="0.040327"/>
        </testsuite>
      </testsuite>
      <testsuite name="Tests\Unit\Catalog\Audit\CatalogAuditQueryTest" file="tests\Unit\Catalog\Audit\CatalogAuditQueryTest.php" tests="9" assertions="19" errors="0" failures="0" skipped="0" time="0.869913">
        <testcase name="query filters only catalog events" file="tests\Unit\Catalog\Audit\CatalogAuditQueryTest.php::query filters only catalog events" class="Tests\Unit\Catalog\Audit\CatalogAuditQueryTest" classname="Tests.Unit.Catalog.Audit.CatalogAuditQueryTest" assertions="2" time="0.196332"/>
        <testcase name="query applies event filter" file="tests\Unit\Catalog\Audit\CatalogAuditQueryTest.php::query applies event filter" class="Tests\Unit\Catalog\Audit\CatalogAuditQueryTest" classname="Tests.Unit.Catalog.Audit.CatalogAuditQueryTest" assertions="2" time="0.060241"/>
        <testcase name="query applies resource type filter" file="tests\Unit\Catalog\Audit\CatalogAuditQueryTest.php::query applies resource type filter" class="Tests\Unit\Catalog\Audit\CatalogAuditQueryTest" classname="Tests.Unit.Catalog.Audit.CatalogAuditQueryTest" assertions="2" time="0.076972"/>
        <testcase name="query applies resource UUID filter" file="tests\Unit\Catalog\Audit\CatalogAuditQueryTest.php::query applies resource UUID filter" class="Tests\Unit\Catalog\Audit\CatalogAuditQueryTest" classname="Tests.Unit.Catalog.Audit.CatalogAuditQueryTest" assertions="2" time="0.073640"/>
        <testcase name="query applies date range filter" file="tests\Unit\Catalog\Audit\CatalogAuditQueryTest.php::query applies date range filter" class="Tests\Unit\Catalog\Audit\CatalogAuditQueryTest" classname="Tests.Unit.Catalog.Audit.CatalogAuditQueryTest" assertions="2" time="0.077410"/>
        <testcase name="query applies request ID filter" file="tests\Unit\Catalog\Audit\CatalogAuditQueryTest.php::query applies request ID filter" class="Tests\Unit\Catalog\Audit\CatalogAuditQueryTest" classname="Tests.Unit.Catalog.Audit.CatalogAuditQueryTest" assertions="2" time="0.175311"/>
        <testcase name="query applies actor filter" file="tests\Unit\Catalog\Audit\CatalogAuditQueryTest.php::query applies actor filter" class="Tests\Unit\Catalog\Audit\CatalogAuditQueryTest" classname="Tests.Unit.Catalog.Audit.CatalogAuditQueryTest" assertions="2" time="0.063667"/>
        <testcase name="query returns correct per_page" file="tests\Unit\Catalog\Audit\CatalogAuditQueryTest.php::query returns correct per_page" class="Tests\Unit\Catalog\Audit\CatalogAuditQueryTest" classname="Tests.Unit.Catalog.Audit.CatalogAuditQueryTest" assertions="3" time="0.076542"/>
        <testcase name="query is tenant scoped" file="tests\Unit\Catalog\Audit\CatalogAuditQueryTest.php::query is tenant scoped" class="Tests\Unit\Catalog\Audit\CatalogAuditQueryTest" classname="Tests.Unit.Catalog.Audit.CatalogAuditQueryTest" assertions="2" time="0.069797"/>
      </testsuite>
      <testsuite name="Tests\Unit\Catalog\CatalogEnumsAndNormalizerTest" file="tests\Unit\Catalog\CatalogEnumsAndNormalizerTest.php" tests="10" assertions="33" errors="0" failures="0" skipped="0" time="0.558366">
        <testcase name="catalog enum values match the schema contract" file="tests\Unit\Catalog\CatalogEnumsAndNormalizerTest.php::catalog enum values match the schema contract" class="Tests\Unit\Catalog\CatalogEnumsAndNormalizerTest" classname="Tests.Unit.Catalog.CatalogEnumsAndNormalizerTest" assertions="7" time="0.058112"/>
        <testcase name="permission and audit event strings remain unique" file="tests\Unit\Catalog\CatalogEnumsAndNormalizerTest.php::permission and audit event strings remain unique" class="Tests\Unit\Catalog\CatalogEnumsAndNormalizerTest" classname="Tests.Unit.Catalog.CatalogEnumsAndNormalizerTest" assertions="2" time="0.052389"/>
        <testcase name="catalog identifiers are normalized according to their own rules" file="tests\Unit\Catalog\CatalogEnumsAndNormalizerTest.php::catalog identifiers are normalized according to their own rules" class="Tests\Unit\Catalog\CatalogEnumsAndNormalizerTest" classname="Tests.Unit.Catalog.CatalogEnumsAndNormalizerTest" assertions="10" time="0.059027"/>
        <testcase name="empty optional identifiers normalize to null and empty required identifiers stay empty" file="tests\Unit\Catalog\CatalogEnumsAndNormalizerTest.php::empty optional identifiers normalize to null and empty required identifiers stay empty" class="Tests\Unit\Catalog\CatalogEnumsAndNormalizerTest" classname="Tests.Unit.Catalog.CatalogEnumsAndNormalizerTest" assertions="5" time="0.053779"/>
        <testsuite name="invalid GTIN and SKU input is rejected rather than silently repaired" tests="5" assertions="5" errors="0" failures="0" skipped="0" time="0.275447">
          <testcase name="invalid GTIN and SKU input is rejected rather than silently repaired with data set &quot;('normalizeGtin', 'ABC12345678')&quot;" file="tests\Unit\Catalog\CatalogEnumsAndNormalizerTest.php::invalid GTIN and SKU input is rejected rather than silently repaired with data set &quot;('normalizeGtin', 'ABC12345678')&quot;" class="Tests\Unit\Catalog\CatalogEnumsAndNormalizerTest" classname="Tests.Unit.Catalog.CatalogEnumsAndNormalizerTest" assertions="1" time="0.047884"/>
          <testcase name="invalid GTIN and SKU input is rejected rather than silently repaired with data set &quot;('normalizeGtin', '9501-2346')&quot;" file="tests\Unit\Catalog\CatalogEnumsAndNormalizerTest.php::invalid GTIN and SKU input is rejected rather than silently repaired with data set &quot;('normalizeGtin', '9501-2346')&quot;" class="Tests\Unit\Catalog\CatalogEnumsAndNormalizerTest" classname="Tests.Unit.Catalog.CatalogEnumsAndNormalizerTest" assertions="1" time="0.061789"/>
          <testcase name="invalid GTIN and SKU input is rejected rather than silently repaired with data set &quot;('normalizeGtin', '95012345')&quot;" file="tests\Unit\Catalog\CatalogEnumsAndNormalizerTest.php::invalid GTIN and SKU input is rejected rather than silently repaired with data set &quot;('normalizeGtin', '95012345')&quot;" class="Tests\Unit\Catalog\CatalogEnumsAndNormalizerTest" classname="Tests.Unit.Catalog.CatalogEnumsAndNormalizerTest" assertions="1" time="0.048509"/>
          <testcase name="invalid GTIN and SKU input is rejected rather than silently repaired with data set &quot;('normalizeGtin', '1234567')&quot;" file="tests\Unit\Catalog\CatalogEnumsAndNormalizerTest.php::invalid GTIN and SKU input is rejected rather than silently repaired with data set &quot;('normalizeGtin', '1234567')&quot;" class="Tests\Unit\Catalog\CatalogEnumsAndNormalizerTest" classname="Tests.Unit.Catalog.CatalogEnumsAndNormalizerTest" assertions="1" time="0.049105"/>
          <testcase name="invalid GTIN and SKU input is rejected rather than silently repaired with data set &quot;('normalizeSku', 'SKU/123')&quot;" file="tests\Unit\Catalog\CatalogEnumsAndNormalizerTest.php::invalid GTIN and SKU input is rejected rather than silently repaired with data set &quot;('normalizeSku', 'SKU/123')&quot;" class="Tests\Unit\Catalog\CatalogEnumsAndNormalizerTest" classname="Tests.Unit.Catalog.CatalogEnumsAndNormalizerTest" assertions="1" time="0.068160"/>
        </testsuite>
        <testcase name="identifier maximum boundaries are accepted and overflow is rejected" file="tests\Unit\Catalog\CatalogEnumsAndNormalizerTest.php::identifier maximum boundaries are accepted and overflow is rejected" class="Tests\Unit\Catalog\CatalogEnumsAndNormalizerTest" classname="Tests.Unit.Catalog.CatalogEnumsAndNormalizerTest" assertions="4" time="0.059612"/>
      </testsuite>
      <testsuite name="Tests\Unit\Catalog\Categories\CategoryHierarchyServiceTest" file="tests\Unit\Catalog\Categories\CategoryHierarchyServiceTest.php" tests="1" assertions="8" errors="0" failures="0" skipped="0" time="0.062351">
        <testcase name="hierarchy service calculates ancestors descendants subtree depth cycle and breadcrumb" file="tests\Unit\Catalog\Categories\CategoryHierarchyServiceTest.php::hierarchy service calculates ancestors descendants subtree depth cycle and breadcrumb" class="Tests\Unit\Catalog\Categories\CategoryHierarchyServiceTest" classname="Tests.Unit.Catalog.Categories.CategoryHierarchyServiceTest" assertions="8" time="0.062351"/>
      </testsuite>
      <testsuite name="Tests\Unit\Catalog\Media\MediaPathGuardTest" file="tests\Unit\Catalog\Media\MediaPathGuardTest.php" tests="8" assertions="8" errors="0" failures="0" skipped="0" time="0.385376">
        <testcase name="catalog media path guard accepts a generated relative path" file="tests\Unit\Catalog\Media\MediaPathGuardTest.php::catalog media path guard accepts a generated relative path" class="Tests\Unit\Catalog\Media\MediaPathGuardTest" classname="Tests.Unit.Catalog.Media.MediaPathGuardTest" assertions="1" time="0.048982"/>
        <testsuite name="catalog media path guard rejects traversal absolute drive UNC backslash and null paths" tests="7" assertions="7" errors="0" failures="0" skipped="0" time="0.336394">
          <testcase name="catalog media path guard rejects traversal absolute drive UNC backslash and null paths with data set &quot;('../secret.jpg')&quot;" file="tests\Unit\Catalog\Media\MediaPathGuardTest.php::catalog media path guard rejects traversal absolute drive UNC backslash and null paths with data set &quot;('../secret.jpg')&quot;" class="Tests\Unit\Catalog\Media\MediaPathGuardTest" classname="Tests.Unit.Catalog.Media.MediaPathGuardTest" assertions="1" time="0.041190"/>
          <testcase name="catalog media path guard rejects traversal absolute drive UNC backslash and null paths with data set &quot;('company/../secret.jpg')&quot;" file="tests\Unit\Catalog\Media\MediaPathGuardTest.php::catalog media path guard rejects traversal absolute drive UNC backslash and null paths with data set &quot;('company/../secret.jpg')&quot;" class="Tests\Unit\Catalog\Media\MediaPathGuardTest" classname="Tests.Unit.Catalog.Media.MediaPathGuardTest" assertions="1" time="0.057703"/>
          <testcase name="catalog media path guard rejects traversal absolute drive UNC backslash and null paths with data set &quot;('/absolute.jpg')&quot;" file="tests\Unit\Catalog\Media\MediaPathGuardTest.php::catalog media path guard rejects traversal absolute drive UNC backslash and null paths with data set &quot;('/absolute.jpg')&quot;" class="Tests\Unit\Catalog\Media\MediaPathGuardTest" classname="Tests.Unit.Catalog.Media.MediaPathGuardTest" assertions="1" time="0.047475"/>
          <testcase name="catalog media path guard rejects traversal absolute drive UNC backslash and null paths with data set &quot;('C:/drive.jpg')&quot;" file="tests\Unit\Catalog\Media\MediaPathGuardTest.php::catalog media path guard rejects traversal absolute drive UNC backslash and null paths with data set &quot;('C:/drive.jpg')&quot;" class="Tests\Unit\Catalog\Media\MediaPathGuardTest" classname="Tests.Unit.Catalog.Media.MediaPathGuardTest" assertions="1" time="0.045157"/>
          <testcase name="catalog media path guard rejects traversal absolute drive UNC backslash and null paths with data set &quot;('//server/share.jpg')&quot;" file="tests\Unit\Catalog\Media\MediaPathGuardTest.php::catalog media path guard rejects traversal absolute drive UNC backslash and null paths with data set &quot;('//server/share.jpg')&quot;" class="Tests\Unit\Catalog\Media\MediaPathGuardTest" classname="Tests.Unit.Catalog.Media.MediaPathGuardTest" assertions="1" time="0.049502"/>
          <testcase name="catalog media path guard rejects traversal absolute drive UNC backslash and null paths with data set &quot;('company\escape.jpg')&quot;" file="tests\Unit\Catalog\Media\MediaPathGuardTest.php::catalog media path guard rejects traversal absolute drive UNC backslash and null paths with data set &quot;('company\escape.jpg')&quot;" class="Tests\Unit\Catalog\Media\MediaPathGuardTest" classname="Tests.Unit.Catalog.Media.MediaPathGuardTest" assertions="1" time="0.048909"/>
          <testcase name="catalog media path guard rejects traversal absolute drive UNC backslash and null paths with data set &quot;(Binary String: 0x636f6d70616e7…e6a7067)&quot;" file="tests\Unit\Catalog\Media\MediaPathGuardTest.php::catalog media path guard rejects traversal absolute drive UNC backslash and null paths with data set &quot;(Binary String: 0x636f6d70616e7…e6a7067)&quot;" class="Tests\Unit\Catalog\Media\MediaPathGuardTest" classname="Tests.Unit.Catalog.Media.MediaPathGuardTest" assertions="1" time="0.046458"/>
        </testsuite>
      </testsuite>
      <testsuite name="Tests\Unit\Catalog\Operations\IntegrityDataTypeTest" file="tests\Unit\Catalog\Operations\IntegrityDataTypeTest.php" tests="8" assertions="32" errors="0" failures="0" skipped="0" time="0.489234">
        <testcase name="CatalogIntegritySeverity threshold ordering is correct" file="tests\Unit\Catalog\Operations\IntegrityDataTypeTest.php::CatalogIntegritySeverity threshold ordering is correct" class="Tests\Unit\Catalog\Operations\IntegrityDataTypeTest" classname="Tests.Unit.Catalog.Operations.IntegrityDataTypeTest" assertions="4" time="0.083866"/>
        <testcase name="CatalogIntegritySeverity meetsOrExceeds works" file="tests\Unit\Catalog\Operations\IntegrityDataTypeTest.php::CatalogIntegritySeverity meetsOrExceeds works" class="Tests\Unit\Catalog\Operations\IntegrityDataTypeTest" classname="Tests.Unit.Catalog.Operations.IntegrityDataTypeTest" assertions="8" time="0.054333"/>
        <testcase name="CatalogIntegrityIssue toArray returns correct structure" file="tests\Unit\Catalog\Operations\IntegrityDataTypeTest.php::CatalogIntegrityIssue toArray returns correct structure" class="Tests\Unit\Catalog\Operations\IntegrityDataTypeTest" classname="Tests.Unit.Catalog.Operations.IntegrityDataTypeTest" assertions="1" time="0.059651"/>
        <testcase name="CatalogIntegrityReport counts by severity correctly" file="tests\Unit\Catalog\Operations\IntegrityDataTypeTest.php::CatalogIntegrityReport counts by severity correctly" class="Tests\Unit\Catalog\Operations\IntegrityDataTypeTest" classname="Tests.Unit.Catalog.Operations.IntegrityDataTypeTest" assertions="5" time="0.070247"/>
        <testcase name="CatalogIntegrityReport hasIssuesAtOrAbove works" file="tests\Unit\Catalog\Operations\IntegrityDataTypeTest.php::CatalogIntegrityReport hasIssuesAtOrAbove works" class="Tests\Unit\Catalog\Operations\IntegrityDataTypeTest" classname="Tests.Unit.Catalog.Operations.IntegrityDataTypeTest" assertions="6" time="0.075335"/>
        <testcase name="CatalogSummary toArray returns correct structure" file="tests\Unit\Catalog\Operations\IntegrityDataTypeTest.php::CatalogSummary toArray returns correct structure" class="Tests\Unit\Catalog\Operations\IntegrityDataTypeTest" classname="Tests.Unit.Catalog.Operations.IntegrityDataTypeTest" assertions="1" time="0.053545"/>
        <testcase name="MediaCleanupReport toArray returns correct structure" file="tests\Unit\Catalog\Operations\IntegrityDataTypeTest.php::MediaCleanupReport toArray returns correct structure" class="Tests\Unit\Catalog\Operations\IntegrityDataTypeTest" classname="Tests.Unit.Catalog.Operations.IntegrityDataTypeTest" assertions="1" time="0.049361"/>
        <testcase name="CatalogAuditSearchCriteria hasFilters detects active filters" file="tests\Unit\Catalog\Operations\IntegrityDataTypeTest.php::CatalogAuditSearchCriteria hasFilters detects active filters" class="Tests\Unit\Catalog\Operations\IntegrityDataTypeTest" classname="Tests.Unit.Catalog.Operations.IntegrityDataTypeTest" assertions="6" time="0.042895"/>
      </testsuite>
      <testsuite name="Tests\Unit\Catalog\Products\ProductRulesTest" file="tests\Unit\Catalog\Products\ProductRulesTest.php" tests="7" assertions="19" errors="0" failures="0" skipped="0" time="0.367070">
        <testcase name="a product aggregate is limited to twenty category assignments" file="tests\Unit\Catalog\Products\ProductRulesTest.php::a product aggregate is limited to twenty category assignments" class="Tests\Unit\Catalog\Products\ProductRulesTest" classname="Tests.Unit.Catalog.Products.ProductRulesTest" assertions="1" time="0.052407"/>
        <testsuite name="product domain failures expose stable safe field errors" tests="6" assertions="18" errors="0" failures="0" skipped="0" time="0.314663">
          <testcase name="product domain failures expose stable safe field errors with data set &quot;dataset &quot;tenant mismatch&quot;&quot;" file="tests\Unit\Catalog\Products\ProductRulesTest.php::product domain failures expose stable safe field errors with data set &quot;dataset &quot;tenant mismatch&quot;&quot;" class="Tests\Unit\Catalog\Products\ProductRulesTest" classname="Tests.Unit.Catalog.Products.ProductRulesTest" assertions="3" time="0.051707"/>
          <testcase name="product domain failures expose stable safe field errors with data set &quot;dataset &quot;slug conflict&quot;&quot;" file="tests\Unit\Catalog\Products\ProductRulesTest.php::product domain failures expose stable safe field errors with data set &quot;dataset &quot;slug conflict&quot;&quot;" class="Tests\Unit\Catalog\Products\ProductRulesTest" classname="Tests.Unit.Catalog.Products.ProductRulesTest" assertions="3" time="0.044323"/>
          <testcase name="product domain failures expose stable safe field errors with data set &quot;dataset &quot;primary unavailable&quot;&quot;" file="tests\Unit\Catalog\Products\ProductRulesTest.php::product domain failures expose stable safe field errors with data set &quot;dataset &quot;primary unavailable&quot;&quot;" class="Tests\Unit\Catalog\Products\ProductRulesTest" classname="Tests.Unit.Catalog.Products.ProductRulesTest" assertions="3" time="0.053837"/>
          <testcase name="product domain failures expose stable safe field errors with data set &quot;dataset &quot;categories unavailable&quot;&quot;" file="tests\Unit\Catalog\Products\ProductRulesTest.php::product domain failures expose stable safe field errors with data set &quot;dataset &quot;categories unavailable&quot;&quot;" class="Tests\Unit\Catalog\Products\ProductRulesTest" classname="Tests.Unit.Catalog.Products.ProductRulesTest" assertions="3" time="0.057849"/>
          <testcase name="product domain failures expose stable safe field errors with data set &quot;dataset &quot;archived category&quot;&quot;" file="tests\Unit\Catalog\Products\ProductRulesTest.php::product domain failures expose stable safe field errors with data set &quot;dataset &quot;archived category&quot;&quot;" class="Tests\Unit\Catalog\Products\ProductRulesTest" classname="Tests.Unit.Catalog.Products.ProductRulesTest" assertions="3" time="0.049639"/>
          <testcase name="product domain failures expose stable safe field errors with data set &quot;dataset &quot;category limit&quot;&quot;" file="tests\Unit\Catalog\Products\ProductRulesTest.php::product domain failures expose stable safe field errors with data set &quot;dataset &quot;category limit&quot;&quot;" class="Tests\Unit\Catalog\Products\ProductRulesTest" classname="Tests.Unit.Catalog.Products.ProductRulesTest" assertions="3" time="0.057309"/>
        </testsuite>
      </testsuite>
      <testsuite name="Tests\Unit\Catalog\Variants\GtinValidatorTest" file="tests\Unit\Catalog\Variants\GtinValidatorTest.php" tests="12" assertions="28" errors="0" failures="0" skipped="0" time="0.662747">
        <testsuite name="valid GTIN formats and leading zeroes pass check digit validation" tests="5" assertions="5" errors="0" failures="0" skipped="0" time="0.257795">
[...]
        <testcase name="correct password must be provided to delete account" file="tests\Feature\ProfileTest.php::correct password must be provided to delete account" class="Tests\Feature\ProfileTest" classname="Tests.Feature.ProfileTest" assertions="5" time="0.055183"/>
      </testsuite>
      <testsuite name="Tests\Feature\Tenancy\CompanyResolverTest" file="tests\Feature\Tenancy\CompanyResolverTest.php" tests="8" assertions="14" errors="0" failures="0" skipped="0" time="0.473584">
        <testcase name="resolver automatically selects the only active company" file="tests\Feature\Tenancy\CompanyResolverTest.php::resolver automatically selects the only active company" class="Tests\Feature\Tenancy\CompanyResolverTest" classname="Tests.Feature.Tenancy.CompanyResolverTest" assertions="2" time="0.053342"/>
        <testcase name="resolver does not choose an arbitrary company when two are active" file="tests\Feature\Tenancy\CompanyResolverTest.php::resolver does not choose an arbitrary company when two are active" class="Tests\Feature\Tenancy\CompanyResolverTest" classname="Tests.Feature.Tenancy.CompanyResolverTest" assertions="2" time="0.056965"/>
        <testcase name="resolver restores a previously selected accessible company" file="tests\Feature\Tenancy\CompanyResolverTest.php::resolver restores a previously selected accessible company" class="Tests\Feature\Tenancy\CompanyResolverTest" classname="Tests.Feature.Tenancy.CompanyResolverTest" assertions="1" time="0.055915"/>
        <testcase name="resolver clears a foreign selection and does not replace it when multiple companies are available" file="tests\Feature\Tenancy\CompanyResolverTest.php::resolver clears a foreign selection and does not replace it when multiple companies are available" class="Tests\Feature\Tenancy\CompanyResolverTest" classname="Tests.Feature.Tenancy.CompanyResolverTest" assertions="2" time="0.058999"/>
        <testcase name="resolver returns null for a user without memberships" file="tests\Feature\Tenancy\CompanyResolverTest.php::resolver returns null for a user without memberships" class="Tests\Feature\Tenancy\CompanyResolverTest" classname="Tests.Feature.Tenancy.CompanyResolverTest" assertions="1" time="0.078481"/>
        <testsuite name="resolver does not automatically select suspended or archived companies" tests="2" assertions="4" errors="0" failures="0" skipped="0" time="0.111558">
          <testcase name="resolver does not automatically select suspended or archived companies with data set &quot;('suspended')&quot;" file="tests\Feature\Tenancy\CompanyResolverTest.php::resolver does not automatically select suspended or archived companies with data set &quot;('suspended')&quot;" class="Tests\Feature\Tenancy\CompanyResolverTest" classname="Tests.Feature.Tenancy.CompanyResolverTest" assertions="2" time="0.058372"/>
          <testcase name="resolver does not automatically select suspended or archived companies with data set &quot;('archived')&quot;" file="tests\Feature\Tenancy\CompanyResolverTest.php::resolver does not automatically select suspended or archived companies with data set &quot;('archived')&quot;" class="Tests\Feature\Tenancy\CompanyResolverTest" classname="Tests.Feature.Tenancy.CompanyResolverTest" assertions="2" time="0.053187"/>
        </testsuite>
        <testcase name="resolver clears a selected company after membership removal" file="tests\Feature\Tenancy\CompanyResolverTest.php::resolver clears a selected company after membership removal" class="Tests\Feature\Tenancy\CompanyResolverTest" classname="Tests.Feature.Tenancy.CompanyResolverTest" assertions="2" time="0.058325"/>
      </testsuite>
      <testsuite name="Tests\Feature\Tenancy\CompanySwitchTest" file="tests\Feature\Tenancy\CompanySwitchTest.php" tests="5" assertions="12" errors="0" failures="0" skipped="0" time="0.424435">
        <testcase name="a user can switch to an active company by UUID and access the dashboard" file="tests\Feature\Tenancy\CompanySwitchTest.php::a user can switch to an active company by UUID and access the dashboard" class="Tests\Feature\Tenancy\CompanySwitchTest" classname="Tests.Feature.Tenancy.CompanySwitchTest" assertions="5" time="0.140917"/>
        <testcase name="a user cannot switch to a foreign company even when a trusted id is posted" file="tests\Feature\Tenancy\CompanySwitchTest.php::a user cannot switch to a foreign company even when a trusted id is posted" class="Tests\Feature\Tenancy\CompanySwitchTest" classname="Tests.Feature.Tenancy.CompanySwitchTest" assertions="2" time="0.069028"/>
        <testsuite name="a user cannot switch to a suspended or archived company" tests="2" assertions="4" errors="0" failures="0" skipped="0" time="0.135372">
          <testcase name="a user cannot switch to a suspended or archived company with data set &quot;('suspended')&quot;" file="tests\Feature\Tenancy\CompanySwitchTest.php::a user cannot switch to a suspended or archived company with data set &quot;('suspended')&quot;" class="Tests\Feature\Tenancy\CompanySwitchTest" classname="Tests.Feature.Tenancy.CompanySwitchTest" assertions="2" time="0.070961"/>
          <testcase name="a user cannot switch to a suspended or archived company with data set &quot;('archived')&quot;" file="tests\Feature\Tenancy\CompanySwitchTest.php::a user cannot switch to a suspended or archived company with data set &quot;('archived')&quot;" class="Tests\Feature\Tenancy\CompanySwitchTest" classname="Tests.Feature.Tenancy.CompanySwitchTest" assertions="2" time="0.064412"/>
        </testsuite>
        <testcase name="company switch route rejects a numeric id in place of a UUID" file="tests\Feature\Tenancy\CompanySwitchTest.php::company switch route rejects a numeric id in place of a UUID" class="Tests\Feature\Tenancy\CompanySwitchTest" classname="Tests.Feature.Tenancy.CompanySwitchTest" assertions="1" time="0.079117"/>
      </testsuite>
      <testsuite name="Tests\Feature\Tenancy\CurrentCompanyTest" file="tests\Feature\Tenancy\CurrentCompanyTest.php" tests="9" assertions="23" errors="0" failures="0" skipped="0" time="0.483247">
        <testcase name="current company is empty until a tenant is selected" file="tests\Feature\Tenancy\CurrentCompanyTest.php::current company is empty until a tenant is selected" class="Tests\Feature\Tenancy\CurrentCompanyTest" classname="Tests.Feature.Tenancy.CurrentCompanyTest" assertions="3" time="0.048895"/>
        <testcase name="current company stores only the company id in session and can be cleared" file="tests\Feature\Tenancy\CurrentCompanyTest.php::current company stores only the company id in session and can be cleared" class="Tests\Feature\Tenancy\CurrentCompanyTest" classname="Tests.Feature.Tenancy.CurrentCompanyTest" assertions="5" time="0.055113"/>
        <testsuite name="stale and malformed company session values are cleared" tests="3" assertions="6" errors="0" failures="0" skipped="0" time="0.144460">
          <testcase name="stale and malformed company session values are cleared with data set &quot;dataset &quot;missing company&quot;&quot;" file="tests\Feature\Tenancy\CurrentCompanyTest.php::stale and malformed company session values are cleared with data set &quot;dataset &quot;missing company&quot;&quot;" class="Tests\Feature\Tenancy\CurrentCompanyTest" classname="Tests.Feature.Tenancy.CurrentCompanyTest" assertions="2" time="0.050560"/>
          <testcase name="stale and malformed company session values are cleared with data set &quot;dataset &quot;non numeric value&quot;&quot;" file="tests\Feature\Tenancy\CurrentCompanyTest.php::stale and malformed company session values are cleared with data set &quot;dataset &quot;non numeric value&quot;&quot;" class="Tests\Feature\Tenancy\CurrentCompanyTest" classname="Tests.Feature.Tenancy.CurrentCompanyTest" assertions="2" time="0.044896"/>
          <testcase name="stale and malformed company session values are cleared with data set &quot;dataset &quot;invalid numeric value&quot;&quot;" file="tests\Feature\Tenancy\CurrentCompanyTest.php::stale and malformed company session values are cleared with data set &quot;dataset &quot;invalid numeric value&quot;&quot;" class="Tests\Feature\Tenancy\CurrentCompanyTest" classname="Tests.Feature.Tenancy.CurrentCompanyTest" assertions="2" time="0.049005"/>
        </testsuite>
        <testcase name="a foreign company from session is rejected" file="tests\Feature\Tenancy\CurrentCompanyTest.php::a foreign company from session is rejected" class="Tests\Feature\Tenancy\CurrentCompanyTest" classname="Tests.Feature.Tenancy.CurrentCompanyTest" assertions="2" time="0.056131"/>
        <testcase name="a soft deleted company from session is rejected" file="tests\Feature\Tenancy\CurrentCompanyTest.php::a soft deleted company from session is rejected" class="Tests\Feature\Tenancy\CurrentCompanyTest" classname="Tests.Feature.Tenancy.CurrentCompanyTest" assertions="2" time="0.052299"/>
        <testcase name="a soft deleted authenticated user cannot restore a company from session" file="tests\Feature\Tenancy\CurrentCompanyTest.php::a soft deleted authenticated user cannot restore a company from session" class="Tests\Feature\Tenancy\CurrentCompanyTest" classname="Tests.Feature.Tenancy.CurrentCompanyTest" assertions="2" time="0.051630"/>
        <testcase name="one service instance does not leak state between users or service calls" file="tests\Feature\Tenancy\CurrentCompanyTest.php::one service instance does not leak state between users or service calls" class="Tests\Feature\Tenancy\CurrentCompanyTest" classname="Tests.Feature.Tenancy.CurrentCompanyTest" assertions="3" time="0.074718"/>
      </testsuite>
      <testsuite name="Tests\Feature\Tenancy\LogoutTenantTest" file="tests\Feature\Tenancy\LogoutTenantTest.php" tests="1" assertions="4" errors="0" failures="0" skipped="0" time="0.066824">
        <testcase name="logout clears the current company session value" file="tests\Feature\Tenancy\LogoutTenantTest.php::logout clears the current company session value" class="Tests\Feature\Tenancy\LogoutTenantTest" classname="Tests.Feature.Tenancy.LogoutTenantTest" assertions="4" time="0.066824"/>
      </testsuite>
      <testsuite name="Tests\Feature\Tenancy\TenantIsolationTest" file="tests\Feature\Tenancy\TenantIsolationTest.php" tests="4" assertions="13" errors="0" failures="0" skipped="0" time="0.541312">
        <testcase name="company selection lists only active companies belonging to the user" file="tests\Feature\Tenancy\TenantIsolationTest.php::company selection lists only active companies belonging to the user" class="Tests\Feature\Tenancy\TenantIsolationTest" classname="Tests.Feature.Tenancy.TenantIsolationTest" assertions="4" time="0.323096"/>
        <testcase name="a foreign company id in session never becomes the current company" file="tests\Feature\Tenancy\TenantIsolationTest.php::a foreign company id in session never becomes the current company" class="Tests\Feature\Tenancy\TenantIsolationTest" classname="Tests.Feature.Tenancy.TenantIsolationTest" assertions="4" time="0.073591"/>
        <testcase name="route model binding does not bypass the company membership check" file="tests\Feature\Tenancy\TenantIsolationTest.php::route model binding does not bypass the company membership check" class="Tests\Feature\Tenancy\TenantIsolationTest" classname="Tests.Feature.Tenancy.TenantIsolationTest" assertions="2" time="0.058869"/>
        <testcase name="selection omits suspended and archived companies" file="tests\Feature\Tenancy\TenantIsolationTest.php::selection omits suspended and archived companies" class="Tests\Feature\Tenancy\TenantIsolationTest" classname="Tests.Feature.Tenancy.TenantIsolationTest" assertions="3" time="0.085756"/>
      </testsuite>
      <testsuite name="Tests\Feature\Tenancy\TenantMiddlewareTest" file="tests\Feature\Tenancy\TenantMiddlewareTest.php" tests="11" assertions="32" errors="0" failures="0" skipped="0" time="1.340325">
        <testcase name="dashboard tenant middleware are registered in the required order" file="tests\Feature\Tenancy\TenantMiddlewareTest.php::dashboard tenant middleware are registered in the required order" class="Tests\Feature\Tenancy\TenantMiddlewareTest" classname="Tests.Feature.Tenancy.TenantMiddlewareTest" assertions="2" time="0.095753"/>
        <testcase name="a guest is redirected to login before tenancy middleware run" file="tests\Feature\Tenancy\TenantMiddlewareTest.php::a guest is redirected to login before tenancy middleware run" class="Tests\Feature\Tenancy\TenantMiddlewareTest" classname="Tests.Feature.Tenancy.TenantMiddlewareTest" assertions="2" time="0.068965"/>
        <testcase name="a user without a company is redirected to the empty company page" file="tests\Feature\Tenancy\TenantMiddlewareTest.php::a user without a company is redirected to the empty company page" class="Tests\Feature\Tenancy\TenantMiddlewareTest" classname="Tests.Feature.Tenancy.TenantMiddlewareTest" assertions="4" time="0.227614"/>
        <testcase name="a user with multiple active companies must select one" file="tests\Feature\Tenancy\TenantMiddlewareTest.php::a user with multiple active companies must select one" class="Tests\Feature\Tenancy\TenantMiddlewareTest" classname="Tests.Feature.Tenancy.TenantMiddlewareTest" assertions="2" time="0.085430"/>
        <testcase name="a user with one active company receives automatic dashboard access" file="tests\Feature\Tenancy\TenantMiddlewareTest.php::a user with one active company receives automatic dashboard access" class="Tests\Feature\Tenancy\TenantMiddlewareTest" classname="Tests.Feature.Tenancy.TenantMiddlewareTest" assertions="3" time="0.141294"/>
        <testcase name="a stale membership clears the selected company" file="tests\Feature\Tenancy\TenantMiddlewareTest.php::a stale membership clears the selected company" class="Tests\Feature\Tenancy\TenantMiddlewareTest" classname="Tests.Feature.Tenancy.TenantMiddlewareTest" assertions="3" time="0.064658"/>
        <testcase name="company member middleware performs a fresh database membership check" file="tests\Feature\Tenancy\TenantMiddlewareTest.php::company member middleware performs a fresh database membership check" class="Tests\Feature\Tenancy\TenantMiddlewareTest" classname="Tests.Feature.Tenancy.TenantMiddlewareTest" assertions="2" time="0.057386"/>
        <testcase name="a selected suspended company blocks HTML and JSON tenant requests" file="tests\Feature\Tenancy\TenantMiddlewareTest.php::a selected suspended company blocks HTML and JSON tenant requests" class="Tests\Feature\Tenancy\TenantMiddlewareTest" classname="Tests.Feature.Tenancy.TenantMiddlewareTest" assertions="7" time="0.422209"/>
        <testcase name="a selected archived company is forbidden" file="tests\Feature\Tenancy\TenantMiddlewareTest.php::a selected archived company is forbidden" class="Tests\Feature\Tenancy\TenantMiddlewareTest" classname="Tests.Feature.Tenancy.TenantMiddlewareTest" assertions="3" time="0.063034"/>
        <testcase name="a JSON tenant request without a selected company returns conflict" file="tests\Feature\Tenancy\TenantMiddlewareTest.php::a JSON tenant request without a selected company returns conflict" class="Tests\Feature\Tenancy\TenantMiddlewareTest" classname="Tests.Feature.Tenancy.TenantMiddlewareTest" assertions="2" time="0.052807"/>
        <testcase name="a JSON tenant request for only suspended memberships returns locked" file="tests\Feature\Tenancy\TenantMiddlewareTest.php::a JSON tenant request for only suspended memberships returns locked" class="Tests\Feature\Tenancy\TenantMiddlewareTest" classname="Tests.Feature.Tenancy.TenantMiddlewareTest" assertions="2" time="0.061174"/>
      </testsuite>
    </testsuite>
    <testsuite name="MySQL" tests="6" assertions="26" errors="0" failures="0" skipped="0" time="0.401739">
      <testsuite name="Tests\MySql\ApiDatabaseTest" file="tests\MySql\ApiDatabaseTest.php" tests="3" assertions="10" errors="0" failures="0" skipped="0" time="0.202724">
        <testcase name="MySQL personal access tokens have company foreign key and tenant indexes" file="tests\MySql\ApiDatabaseTest.php::MySQL personal access tokens have company foreign key and tenant indexes" class="Tests\MySql\ApiDatabaseTest" classname="Tests.MySql.ApiDatabaseTest" assertions="5" time="0.051875"/>
        <testcase name="MySQL membership removal and token revoke commit atomically per company" file="tests\MySql\ApiDatabaseTest.php::MySQL membership removal and token revoke commit atomically per company" class="Tests\MySql\ApiDatabaseTest" classname="Tests.MySql.ApiDatabaseTest" assertions="2" time="0.085854"/>
        <testcase name="MySQL pruning finds expired company tokens without deleting active rows" file="tests\MySql\ApiDatabaseTest.php::MySQL pruning finds expired company tokens without deleting active rows" class="Tests\MySql\ApiDatabaseTest" classname="Tests.MySql.ApiDatabaseTest" assertions="3" time="0.064996"/>
      </testsuite>
      <testsuite name="Tests\MySql\AuditDatabaseTest" file="tests\MySql\AuditDatabaseTest.php" tests="2" assertions="14" errors="0" failures="0" skipped="0" time="0.157569">
        <testcase name="mysql audit indexes json and transaction rollback behave correctly" file="tests\MySql\AuditDatabaseTest.php::mysql audit indexes json and transaction rollback behave correctly" class="Tests\MySql\AuditDatabaseTest" classname="Tests.MySql.AuditDatabaseTest" assertions="11" time="0.085585"/>
        <testcase name="mysql company physical deletion nulls the audit foreign key without deleting history" file="tests\MySql\AuditDatabaseTest.php::mysql company physical deletion nulls the audit foreign key without deleting history" class="Tests\MySql\AuditDatabaseTest" classname="Tests.MySql.AuditDatabaseTest" assertions="3" time="0.071984"/>
      </testsuite>
      <testsuite name="Tests\MySql\AuthorizationDatabaseTest" file="tests\MySql\AuthorizationDatabaseTest.php" tests="1" assertions="2" errors="0" failures="0" skipped="0" time="0.041446">
        <testcase name="authorization integration suite uses its dedicated mysql database" file="tests\MySql\AuthorizationDatabaseTest.php::authorization integration suite uses its dedicated mysql database" class="Tests\MySql\AuthorizationDatabaseTest" classname="Tests.MySql.AuthorizationDatabaseTest" assertions="2" time="0.041446"/>
      </testsuite>
    </testsuite>
    <testsuite name="Concurrency" tests="2" assertions="28" errors="0" failures="0" skipped="0" time="41.979236">
      <testsuite name="Tests\Concurrency\CategoryConcurrencyTest" file="tests\Concurrency\CategoryConcurrencyTest.php" tests="1" assertions="11" errors="0" failures="0" skipped="0" time="19.671239">
        <testcase name="mysql serializes category structural mutations per company and cycle validation sees fresh rows" file="tests\Concurrency\CategoryConcurrencyTest.php::mysql serializes category structural mutations per company and cycle validation sees fresh rows" class="Tests\Concurrency\CategoryConcurrencyTest" classname="Tests.Concurrency.CategoryConcurrencyTest" assertions="11" time="19.671239"/>
      </testsuite>
      <testsuite name="Tests\Concurrency\InvitationConcurrencyTest" file="tests\Concurrency\InvitationConcurrencyTest.php" tests="1" assertions="17" errors="0" failures="0" skipped="0" time="22.307998">
        <testcase name="mysql serializes invitation races and enforces acceptance invariants" file="tests\Concurrency\InvitationConcurrencyTest.php::mysql serializes invitation races and enforces acceptance invariants" class="Tests\Concurrency\InvitationConcurrencyTest" classname="Tests.Concurrency.InvitationConcurrencyTest" assertions="17" time="22.307998"/>
      </testsuite>
    </testsuite>
  </testsuite>
</testsuites>
